android/build-cache/capgo-capacitor-native-biometric/outputs/logs/manifest-merger-debug-report.txt
-- Merging decision tree log ---
manifest
ADDED from src\main\AndroidManifest.xml:2:1-12:12
INJECTED from src\main\AndroidManifest.xml:2:1-12:12
	package
		INJECTED from src\main\AndroidManifest.xml
	xmlns:android
		ADDED from src\main\AndroidManifest.xml:2:11-69
application
ADDED from src\main\AndroidManifest.xml:5:5-10:19
activity#ee.forgr.biometric.AuthActivity
ADDED from src\main\AndroidManifest.xml:6:9-9:68
	android:label
		ADDED from src\main\AndroidManifest.xml:8:13-65
	android:theme
		ADDED from src\main\AndroidManifest.xml:9:13-56
	android:name
		ADDED from src\main\AndroidManifest.xml:7:13-59
uses-sdk
INJECTED from src\main\AndroidManifest.xml reason: use-sdk injection requested
INJECTED from src\main\AndroidManifest.xml
INJECTED from src\main\AndroidManifest.xml
	android:targetSdkVersion
		INJECTED from src\main\AndroidManifest.xml
	android:minSdkVersion
		INJECTED from src\main\AndroidManifest.xml